{
  "RSpec": {
    "coverage": {
      "/home/vince_dubs/tic-tac-toe-rb-online-web-sp-000/lib/tic_tac_toe.rb": [
        null,
        1,
        null,
        null,
        null,
        null,
        null,
        null,
        null,
        null,
        null,
        1,
        5,
        5,
        5,
        5,
        5,
        null,
        null,
        1,
        null,
        1,
        0,
        null,
        null,
        1,
        41,
        220,
        220,
        220,
        null,
        220,
        220,
        220,
        null,
        220,
        16,
        204,
        6,
        null,
        null,
        19,
        null,
        null,
        1,
        126,
        null,
        null,
        1,
        17,
        7,
        null,
        10,
        null,
        null,
        null,
        1,
        11,
        3,
        8,
        1,
        7,
        4,
        null,
        null,
        null,
        1,
        6,
        6,
        6,
        null,
        null,
        5,
        3,
        null,
        2,
        null,
        null,
        null,
        null,
        1,
        2,
        2,
        18,
        5,
        null,
        null,
        2,
        null,
        null,
        1,
        1,
        1,
        null,
        0,
        null,
        null,
        null,
        1,
        0,
        0,
        0,
        0,
        null,
        null,
        null,
        1,
        12,
        6,
        null,
        null,
        6,
        4,
        2,
        2,
        null,
        null,
        null,
        1,
        3,
        null,
        null,
        1,
        3,
        null,
        null,
        1,
        6,
        null,
        null,
        1,
        3,
        null
      ]
    },
    "timestamp": 1605067238
  }
}
