{
  "RSpec": {
    "coverage": {
      "/home/vince_dubs/tic-tac-toe-rb-online-web-sp-000/lib/tic_tac_toe.rb": [
        null,
        1,
        null,
        null,
        null,
        null,
        null,
        null,
        null,
        null,
        null,
        1,
        5,
        5,
        5,
        5,
        5,
        null,
        null,
        1,
        null,
        1,
        0,
        null,
        null,
        1,
        36,
        197,
        197,
        197,
        null,
        197,
        197,
        197,
        null,
        197,
        14,
        183,
        6,
        null,
        null,
        16,
        null,
        null,
        1,
        16,
        83,
        null,
        null,
        null,
        1,
        10,
        4,
        null,
        6,
        null,
        null,
        null,
        1,
        11,
        7,
        null,
        4,
        null,
        null,
        null,
        1,
        6,
        null,
        5,
        3,
        null,
        2,
        null,
        null,
        null,
        1,
        2,
        2,
        18,
        5,
        null,
        null,
        2,
        null,
        null,
        1,
        1,
        1,
        null,
        0,
        null,
        null,
        null,
        1,
        0,
        0,
        0,
        0,
        null,
        null,
        null,
        1,
        12,
        7,
        null,
        null,
        5,
        3,
        2,
        2,
        null,
        null,
        null,
        1,
        3,
        null,
        null,
        1,
        3,
        null,
        null,
        1,
        6,
        null,
        null,
        1,
        3,
        null
      ]
    },
    "timestamp": 1605067330
  }
}
